<?xml version="1.0" encoding="UTF-8"?>
<robot generator="Robot 3.1.2 (Python 3.7.0 on win32)" generated="20190909 18:16:10.383" rpa="false">
<suite id="s1" name="Tests" source="C:\Projects\pythonTests\RobotFrameworkGUITest\GUI\Tests">
<suite id="s1-s1" name="ContasE2ETest" source="C:\Projects\pythonTests\RobotFrameworkGUITest\GUI\Tests\ContasE2ETest.robot">
<test id="s1-s1-t1" name="Cenário 01: Efetuar Cadastro de Conta com Sucesso">
<kw name="Dado(a) a tela de cadastro de Conta" library="BDDpt-br">
<kw name="Run Keyword" library="BuiltIn">
<doc>Executes the given keyword with the given arguments.</doc>
<arguments>
<arg>${keyword}</arg>
</arguments>
<kw name="a tela de cadastro de Conta">
<kw name="Acessar a pagina de login" library="Resource">
<kw name="Open Browser" library="SeleniumLibrary">
<doc>Opens a new browser instance to the given ``url``.</doc>
<arguments>
<arg>${BASEURL}</arg>
<arg>${BROWSER}</arg>
</arguments>
<msg timestamp="20190909 18:16:11.645" level="INFO">Opening browser 'chrome' to base url 'https://seubarriga.wcaquino.me/login'.</msg>
<status status="PASS" starttime="20190909 18:16:11.645" endtime="20190909 18:16:23.616"></status>
</kw>
<kw name="Run Keyword If" library="BuiltIn">
<doc>Runs the given keyword with the given arguments, if ``condition`` is true.</doc>
<arguments>
<arg>'${MAXIMIZAR_BROWSER}'=='True'</arg>
<arg>Maximizar o browser</arg>
</arguments>
<kw name="Maximizar o browser" library="Resource">
<kw name="Maximize Browser Window" library="SeleniumLibrary">
<doc>Maximizes current browser window.</doc>
<status status="PASS" starttime="20190909 18:16:23.618" endtime="20190909 18:16:26.711"></status>
</kw>
<status status="PASS" starttime="20190909 18:16:23.617" endtime="20190909 18:16:26.711"></status>
</kw>
<status status="PASS" starttime="20190909 18:16:23.617" endtime="20190909 18:16:26.712"></status>
</kw>
<status status="PASS" starttime="20190909 18:16:11.644" endtime="20190909 18:16:26.712"></status>
</kw>
<kw name="SignIn" library="ResourceLogin">
<arguments>
<arg>${EMAIL}</arg>
<arg>${PASSWORD}</arg>
</arguments>
<kw name="Input Text" library="SeleniumLibrary">
<doc>Types the given ``text`` into text field identified by ``locator``.</doc>
<arguments>
<arg>${INPUTEMAIL}</arg>
<arg>${EMAIL}</arg>
</arguments>
<msg timestamp="20190909 18:16:26.714" level="INFO">Typing text 'robotqa@mailinator.com' into text field 'id=email'.</msg>
<status status="PASS" starttime="20190909 18:16:26.714" endtime="20190909 18:16:30.690"></status>
</kw>
<kw name="Input Text" library="SeleniumLibrary">
<doc>Types the given ``text`` into text field identified by ``locator``.</doc>
<arguments>
<arg>${INPUTPWD}</arg>
<arg>${PWD}</arg>
</arguments>
<msg timestamp="20190909 18:16:30.691" level="INFO">Typing text 'pwdrobot' into text field '//input[@name='senha']'.</msg>
<status status="PASS" starttime="20190909 18:16:30.691" endtime="20190909 18:16:32.711"></status>
</kw>
<kw name="Click Element" library="SeleniumLibrary">
<doc>Click element identified by ``locator``.</doc>
<arguments>
<arg>${BTNLOGIN}</arg>
</arguments>
<msg timestamp="20190909 18:16:32.712" level="INFO">Clicking element '//button[contains(text(),'Entrar')]'.</msg>
<status status="PASS" starttime="20190909 18:16:32.711" endtime="20190909 18:16:34.192"></status>
</kw>
<status status="PASS" starttime="20190909 18:16:26.712" endtime="20190909 18:16:34.192"></status>
</kw>
<kw name="EnterContasRegisterForm" library="ResourceContas">
<kw name="Click Element" library="SeleniumLibrary">
<doc>Click element identified by ``locator``.</doc>
<arguments>
<arg>${BTNCONTAS}</arg>
</arguments>
<msg timestamp="20190909 18:16:34.193" level="INFO">Clicking element '//a[@class='dropdown-toggle']'.</msg>
<status status="PASS" starttime="20190909 18:16:34.193" endtime="20190909 18:16:34.956"></status>
</kw>
<kw name="Click Element" library="SeleniumLibrary">
<doc>Click element identified by ``locator``.</doc>
<arguments>
<arg>${BTNCONTAS}${BTNADICIONAR}</arg>
</arguments>
<msg timestamp="20190909 18:16:34.956" level="INFO">Clicking element '//a[@class='dropdown-toggle']/../ul/li/*[contains(text(),'Adicionar')]'.</msg>
<status status="PASS" starttime="20190909 18:16:34.956" endtime="20190909 18:16:36.308"></status>
</kw>
<kw name="Wait Until Element Is Visible" library="SeleniumLibrary">
<doc>Waits until element ``locator`` is visible.</doc>
<arguments>
<arg>${ADDCONTAFORM}</arg>
</arguments>
<status status="PASS" starttime="20190909 18:16:36.309" endtime="20190909 18:16:36.966"></status>
</kw>
<status status="PASS" starttime="20190909 18:16:34.192" endtime="20190909 18:16:36.966"></status>
</kw>
<status status="PASS" starttime="20190909 18:16:11.644" endtime="20190909 18:16:36.967"></status>
</kw>
<status status="PASS" starttime="20190909 18:16:11.643" endtime="20190909 18:16:36.967"></status>
</kw>
<status status="PASS" starttime="20190909 18:16:11.643" endtime="20190909 18:16:36.967"></status>
</kw>
<kw name="Quando preenchido formulário com dados validos" library="BDDpt-br">
<kw name="Run Keyword" library="BuiltIn">
<doc>Executes the given keyword with the given arguments.</doc>
<arguments>
<arg>${keyword}</arg>
</arguments>
<kw name="preenchido formulário com dados validos">
<kw name="FillContaForm" library="ResourceContas">
<arguments>
<arg>${NAME}</arg>
</arguments>
<kw name="Input Text" library="SeleniumLibrary">
<doc>Types the given ``text`` into text field identified by ``locator``.</doc>
<arguments>
<arg>${INPUTNAME}</arg>
<arg>${NAME}</arg>
</arguments>
<msg timestamp="20190909 18:16:36.970" level="INFO">Typing text 'Register this Account' into text field 'id=nome'.</msg>
<status status="PASS" starttime="20190909 18:16:36.969" endtime="20190909 18:16:45.643"></status>
</kw>
<kw name="Click Element" library="SeleniumLibrary">
<doc>Click element identified by ``locator``.</doc>
<arguments>
<arg>${BTNSAVE}</arg>
</arguments>
<msg timestamp="20190909 18:16:45.644" level="INFO">Clicking element '//button[contains(text(),'Salvar')]'.</msg>
<status status="PASS" starttime="20190909 18:16:45.643" endtime="20190909 18:16:48.212"></status>
</kw>
<kw name="Wait Until Element Is Visible" library="SeleniumLibrary">
<doc>Waits until element ``locator`` is visible.</doc>
<arguments>
<arg>${CONTASLIST}</arg>
</arguments>
<status status="PASS" starttime="20190909 18:16:48.213" endtime="20190909 18:16:48.997"></status>
</kw>
<kw name="Replace Variables" library="BuiltIn">
<doc>Replaces variables in the given text with their current values.</doc>
<arguments>
<arg>${CONTAITEM}</arg>
</arguments>
<assign>
<var>${Locator}</var>
</assign>
<msg timestamp="20190909 18:16:48.997" level="INFO">${Locator} = //td[contains(text(),'Register this Account')]</msg>
<status status="PASS" starttime="20190909 18:16:48.997" endtime="20190909 18:16:48.998"></status>
</kw>
<status status="PASS" starttime="20190909 18:16:36.969" endtime="20190909 18:16:48.998"></status>
</kw>
<status status="PASS" starttime="20190909 18:16:36.968" endtime="20190909 18:16:48.998"></status>
</kw>
<status status="PASS" starttime="20190909 18:16:36.968" endtime="20190909 18:16:48.998"></status>
</kw>
<status status="PASS" starttime="20190909 18:16:36.967" endtime="20190909 18:16:48.998"></status>
</kw>
<kw name="Então a Conta é cadastrada com sucesso" library="BDDpt-br">
<kw name="Run Keyword" library="BuiltIn">
<doc>Executes the given keyword with the given arguments.</doc>
<arguments>
<arg>${keyword}</arg>
</arguments>
<kw name="a Conta é cadastrada com sucesso">
<kw name="IsAccountRegisteredOK" library="ResourceContas">
<kw name="Wait Until Element Is Visible" library="SeleniumLibrary">
<doc>Waits until element ``locator`` is visible.</doc>
<arguments>
<arg>${REGISTERCONTAOKMESSAGE}</arg>
</arguments>
<status status="PASS" starttime="20190909 18:16:49.000" endtime="20190909 18:16:49.741"></status>
</kw>
<status status="PASS" starttime="20190909 18:16:49.000" endtime="20190909 18:16:49.741"></status>
</kw>
<status status="PASS" starttime="20190909 18:16:48.999" endtime="20190909 18:16:49.741"></status>
</kw>
<status status="PASS" starttime="20190909 18:16:48.999" endtime="20190909 18:16:49.742"></status>
</kw>
<status status="PASS" starttime="20190909 18:16:48.999" endtime="20190909 18:16:49.742"></status>
</kw>
<kw name="Fechar navegador" library="Resource" type="teardown">
<kw name="Close Browser" library="SeleniumLibrary">
<doc>Closes the current browser.</doc>
<status status="PASS" starttime="20190909 18:16:49.743" endtime="20190909 18:17:16.600"></status>
</kw>
<status status="PASS" starttime="20190909 18:16:49.743" endtime="20190909 18:17:16.600"></status>
</kw>
<status status="PASS" starttime="20190909 18:16:11.608" endtime="20190909 18:17:16.600" critical="yes"></status>
</test>
<test id="s1-s1-t2" name="Cenário 02: Efetuar Edição de Conta">
<kw name="Dado(a) a tela de Lista de Conta" library="BDDpt-br">
<kw name="Run Keyword" library="BuiltIn">
<doc>Executes the given keyword with the given arguments.</doc>
<arguments>
<arg>${keyword}</arg>
</arguments>
<kw name="a tela de Lista de Conta">
<kw name="Acessar a pagina de login" library="Resource">
<kw name="Open Browser" library="SeleniumLibrary">
<doc>Opens a new browser instance to the given ``url``.</doc>
<arguments>
<arg>${BASEURL}</arg>
<arg>${BROWSER}</arg>
</arguments>
<msg timestamp="20190909 18:17:16.605" level="INFO">Opening browser 'chrome' to base url 'https://seubarriga.wcaquino.me/login'.</msg>
<status status="PASS" starttime="20190909 18:17:16.605" endtime="20190909 18:17:24.003"></status>
</kw>
<kw name="Run Keyword If" library="BuiltIn">
<doc>Runs the given keyword with the given arguments, if ``condition`` is true.</doc>
<arguments>
<arg>'${MAXIMIZAR_BROWSER}'=='True'</arg>
<arg>Maximizar o browser</arg>
</arguments>
<kw name="Maximizar o browser" library="Resource">
<kw name="Maximize Browser Window" library="SeleniumLibrary">
<doc>Maximizes current browser window.</doc>
<status status="PASS" starttime="20190909 18:17:24.004" endtime="20190909 18:17:26.483"></status>
</kw>
<status status="PASS" starttime="20190909 18:17:24.004" endtime="20190909 18:17:26.483"></status>
</kw>
<status status="PASS" starttime="20190909 18:17:24.003" endtime="20190909 18:17:26.483"></status>
</kw>
<status status="PASS" starttime="20190909 18:17:16.604" endtime="20190909 18:17:26.483"></status>
</kw>
<kw name="SignIn" library="ResourceLogin">
<arguments>
<arg>${EMAIL}</arg>
<arg>${PASSWORD}</arg>
</arguments>
<kw name="Input Text" library="SeleniumLibrary">
<doc>Types the given ``text`` into text field identified by ``locator``.</doc>
<arguments>
<arg>${INPUTEMAIL}</arg>
<arg>${EMAIL}</arg>
</arguments>
<msg timestamp="20190909 18:17:26.484" level="INFO">Typing text 'robotqa@mailinator.com' into text field 'id=email'.</msg>
<status status="PASS" starttime="20190909 18:17:26.484" endtime="20190909 18:17:29.934"></status>
</kw>
<kw name="Input Text" library="SeleniumLibrary">
<doc>Types the given ``text`` into text field identified by ``locator``.</doc>
<arguments>
<arg>${INPUTPWD}</arg>
<arg>${PWD}</arg>
</arguments>
<msg timestamp="20190909 18:17:29.934" level="INFO">Typing text 'pwdrobot' into text field '//input[@name='senha']'.</msg>
<status status="PASS" starttime="20190909 18:17:29.934" endtime="20190909 18:17:31.602"></status>
</kw>
<kw name="Click Element" library="SeleniumLibrary">
<doc>Click element identified by ``locator``.</doc>
<arguments>
<arg>${BTNLOGIN}</arg>
</arguments>
<msg timestamp="20190909 18:17:31.602" level="INFO">Clicking element '//button[contains(text(),'Entrar')]'.</msg>
<status status="PASS" starttime="20190909 18:17:31.602" endtime="20190909 18:17:33.158"></status>
</kw>
<status status="PASS" starttime="20190909 18:17:26.483" endtime="20190909 18:17:33.158"></status>
</kw>
<kw name="EnterContasList" library="ResourceContas">
<kw name="Click Element" library="SeleniumLibrary">
<doc>Click element identified by ``locator``.</doc>
<arguments>
<arg>${BTNCONTAS}</arg>
</arguments>
<msg timestamp="20190909 18:17:33.160" level="INFO">Clicking element '//a[@class='dropdown-toggle']'.</msg>
<status status="PASS" starttime="20190909 18:17:33.159" endtime="20190909 18:17:33.860"></status>
</kw>
<kw name="Click Element" library="SeleniumLibrary">
<doc>Click element identified by ``locator``.</doc>
<arguments>
<arg>${BTNCONTAS}${BTNLISTAR}</arg>
</arguments>
<msg timestamp="20190909 18:17:33.861" level="INFO">Clicking element '//a[@class='dropdown-toggle']/../ul/li/*[contains(text(),'Listar')]'.</msg>
<status status="PASS" starttime="20190909 18:17:33.860" endtime="20190909 18:17:35.814"></status>
</kw>
<kw name="Wait Until Element Is Visible" library="SeleniumLibrary">
<doc>Waits until element ``locator`` is visible.</doc>
<arguments>
<arg>${CONTASLIST}</arg>
</arguments>
<status status="PASS" starttime="20190909 18:17:35.814" endtime="20190909 18:17:36.163"></status>
</kw>
<status status="PASS" starttime="20190909 18:17:33.159" endtime="20190909 18:17:36.163"></status>
</kw>
<status status="PASS" starttime="20190909 18:17:16.604" endtime="20190909 18:17:36.163"></status>
</kw>
<status status="PASS" starttime="20190909 18:17:16.603" endtime="20190909 18:17:36.163"></status>
</kw>
<status status="PASS" starttime="20190909 18:17:16.603" endtime="20190909 18:17:36.164"></status>
</kw>
<kw name="Quando acionado botão de editar Conta" library="BDDpt-br">
<kw name="Run Keyword" library="BuiltIn">
<doc>Executes the given keyword with the given arguments.</doc>
<arguments>
<arg>${keyword}</arg>
</arguments>
<kw name="acionado botão de editar Conta">
<kw name="EditConta" library="ResourceContas">
<arguments>
<arg>${NAME}</arg>
</arguments>
<kw name="Replace Variables" library="BuiltIn">
<doc>Replaces variables in the given text with their current values.</doc>
<arguments>
<arg>${BTNEDITAR}</arg>
</arguments>
<assign>
<var>${Locator}</var>
</assign>
<msg timestamp="20190909 18:17:36.260" level="INFO">${Locator} = //td[contains(text(),'Register this Account')]/../td[count(a)=2]/a[starts-with(@href, '/editarConta')]</msg>
<status status="PASS" starttime="20190909 18:17:36.259" endtime="20190909 18:17:36.260"></status>
</kw>
<kw name="Click Element" library="SeleniumLibrary">
<doc>Click element identified by ``locator``.</doc>
<arguments>
<arg>${Locator}</arg>
</arguments>
<msg timestamp="20190909 18:17:36.260" level="INFO">Clicking element '//td[contains(text(),'Register this Account')]/../td[count(a)=2]/a[starts-with(@href, '/editarConta')]'.</msg>
<status status="PASS" starttime="20190909 18:17:36.260" endtime="20190909 18:17:37.422"></status>
</kw>
<kw name="Wait Until Element Is Visible" library="SeleniumLibrary">
<doc>Waits until element ``locator`` is visible.</doc>
<arguments>
<arg>${ADDCONTAFORM}</arg>
</arguments>
<status status="PASS" starttime="20190909 18:17:37.423" endtime="20190909 18:17:37.807"></status>
</kw>
<status status="PASS" starttime="20190909 18:17:36.259" endtime="20190909 18:17:37.807"></status>
</kw>
<status status="PASS" starttime="20190909 18:17:36.258" endtime="20190909 18:17:37.808"></status>
</kw>
<status status="PASS" starttime="20190909 18:17:36.258" endtime="20190909 18:17:37.808"></status>
</kw>
<status status="PASS" starttime="20190909 18:17:36.257" endtime="20190909 18:17:37.808"></status>
</kw>
<kw name="E preenchido o formulário editando" library="BDDpt-br">
<kw name="Run Keyword" library="BuiltIn">
<doc>Executes the given keyword with the given arguments.</doc>
<arguments>
<arg>${keyword}</arg>
</arguments>
<kw name="preenchido o formulário editando">
<kw name="FillContaForm" library="ResourceContas">
<arguments>
<arg>${NAMEEDITED}</arg>
</arguments>
<kw name="Input Text" library="SeleniumLibrary">
<doc>Types the given ``text`` into text field identified by ``locator``.</doc>
<arguments>
<arg>${INPUTNAME}</arg>
<arg>${NAME}</arg>
</arguments>
<msg timestamp="20190909 18:17:37.851" level="INFO">Typing text 'This Account was edited' into text field 'id=nome'.</msg>
<status status="PASS" starttime="20190909 18:17:37.851" endtime="20190909 18:17:41.988"></status>
</kw>
<kw name="Click Element" library="SeleniumLibrary">
<doc>Click element identified by ``locator``.</doc>
<arguments>
<arg>${BTNSAVE}</arg>
</arguments>
<msg timestamp="20190909 18:17:41.989" level="INFO">Clicking element '//button[contains(text(),'Salvar')]'.</msg>
<status status="PASS" starttime="20190909 18:17:41.988" endtime="20190909 18:17:43.203"></status>
</kw>
<kw name="Wait Until Element Is Visible" library="SeleniumLibrary">
<doc>Waits until element ``locator`` is visible.</doc>
<arguments>
<arg>${CONTASLIST}</arg>
</arguments>
<status status="PASS" starttime="20190909 18:17:43.203" endtime="20190909 18:17:43.518"></status>
</kw>
<kw name="Replace Variables" library="BuiltIn">
<doc>Replaces variables in the given text with their current values.</doc>
<arguments>
<arg>${CONTAITEM}</arg>
</arguments>
<assign>
<var>${Locator}</var>
</assign>
<msg timestamp="20190909 18:17:43.519" level="INFO">${Locator} = //td[contains(text(),'This Account was edited')]</msg>
<status status="PASS" starttime="20190909 18:17:43.519" endtime="20190909 18:17:43.519"></status>
</kw>
<status status="PASS" starttime="20190909 18:17:37.851" endtime="20190909 18:17:43.519"></status>
</kw>
<status status="PASS" starttime="20190909 18:17:37.850" endtime="20190909 18:17:43.519"></status>
</kw>
<status status="PASS" starttime="20190909 18:17:37.850" endtime="20190909 18:17:43.519"></status>
</kw>
<status status="PASS" starttime="20190909 18:17:37.849" endtime="20190909 18:17:43.520"></status>
</kw>
<kw name="Então a Conta é atualizada" library="BDDpt-br">
<kw name="Run Keyword" library="BuiltIn">
<doc>Executes the given keyword with the given arguments.</doc>
<arguments>
<arg>${keyword}</arg>
</arguments>
<kw name="a Conta é atualizada">
<kw name="IsAccountEditedOK" library="ResourceContas">
<kw name="Wait Until Element Is Visible" library="SeleniumLibrary">
<doc>Waits until element ``locator`` is visible.</doc>
<arguments>
<arg>${EDITCONTAOKMESSAGE}</arg>
</arguments>
<status status="PASS" starttime="20190909 18:17:43.568" endtime="20190909 18:17:43.954"></status>
</kw>
<status status="PASS" starttime="20190909 18:17:43.567" endtime="20190909 18:17:43.954"></status>
</kw>
<status status="PASS" starttime="20190909 18:17:43.567" endtime="20190909 18:17:43.954"></status>
</kw>
<status status="PASS" starttime="20190909 18:17:43.567" endtime="20190909 18:17:43.954"></status>
</kw>
<status status="PASS" starttime="20190909 18:17:43.566" endtime="20190909 18:17:43.954"></status>
</kw>
<kw name="Fechar navegador" library="Resource" type="teardown">
<kw name="Close Browser" library="SeleniumLibrary">
<doc>Closes the current browser.</doc>
<status status="PASS" starttime="20190909 18:17:43.998" endtime="20190909 18:17:59.925"></status>
</kw>
<status status="PASS" starttime="20190909 18:17:43.997" endtime="20190909 18:17:59.926"></status>
</kw>
<status status="PASS" starttime="20190909 18:17:16.602" endtime="20190909 18:17:59.926" critical="yes"></status>
</test>
<test id="s1-s1-t3" name="Cenário 03: Efetuar Exclusão de Conta">
<kw name="Dado(a) a tela de Lista de Conta" library="BDDpt-br">
<kw name="Run Keyword" library="BuiltIn">
<doc>Executes the given keyword with the given arguments.</doc>
<arguments>
<arg>${keyword}</arg>
</arguments>
<kw name="a tela de Lista de Conta">
<kw name="Acessar a pagina de login" library="Resource">
<kw name="Open Browser" library="SeleniumLibrary">
<doc>Opens a new browser instance to the given ``url``.</doc>
<arguments>
<arg>${BASEURL}</arg>
<arg>${BROWSER}</arg>
</arguments>
<msg timestamp="20190909 18:17:59.931" level="INFO">Opening browser 'chrome' to base url 'https://seubarriga.wcaquino.me/login'.</msg>
<status status="PASS" starttime="20190909 18:17:59.930" endtime="20190909 18:18:07.278"></status>
</kw>
<kw name="Run Keyword If" library="BuiltIn">
<doc>Runs the given keyword with the given arguments, if ``condition`` is true.</doc>
<arguments>
<arg>'${MAXIMIZAR_BROWSER}'=='True'</arg>
<arg>Maximizar o browser</arg>
</arguments>
<kw name="Maximizar o browser" library="Resource">
<kw name="Maximize Browser Window" library="SeleniumLibrary">
<doc>Maximizes current browser window.</doc>
<status status="PASS" starttime="20190909 18:18:07.280" endtime="20190909 18:18:09.938"></status>
</kw>
<status status="PASS" starttime="20190909 18:18:07.279" endtime="20190909 18:18:09.938"></status>
</kw>
<status status="PASS" starttime="20190909 18:18:07.279" endtime="20190909 18:18:09.939"></status>
</kw>
<status status="PASS" starttime="20190909 18:17:59.930" endtime="20190909 18:18:09.939"></status>
</kw>
<kw name="SignIn" library="ResourceLogin">
<arguments>
<arg>${EMAIL}</arg>
<arg>${PASSWORD}</arg>
</arguments>
<kw name="Input Text" library="SeleniumLibrary">
<doc>Types the given ``text`` into text field identified by ``locator``.</doc>
<arguments>
<arg>${INPUTEMAIL}</arg>
<arg>${EMAIL}</arg>
</arguments>
<msg timestamp="20190909 18:18:09.940" level="INFO">Typing text 'robotqa@mailinator.com' into text field 'id=email'.</msg>
<status status="PASS" starttime="20190909 18:18:09.940" endtime="20190909 18:18:13.761"></status>
</kw>
<kw name="Input Text" library="SeleniumLibrary">
<doc>Types the given ``text`` into text field identified by ``locator``.</doc>
<arguments>
<arg>${INPUTPWD}</arg>
<arg>${PWD}</arg>
</arguments>
<msg timestamp="20190909 18:18:13.761" level="INFO">Typing text 'pwdrobot' into text field '//input[@name='senha']'.</msg>
<status status="PASS" starttime="20190909 18:18:13.761" endtime="20190909 18:18:15.422"></status>
</kw>
<kw name="Click Element" library="SeleniumLibrary">
<doc>Click element identified by ``locator``.</doc>
<arguments>
<arg>${BTNLOGIN}</arg>
</arguments>
<msg timestamp="20190909 18:18:15.423" level="INFO">Clicking element '//button[contains(text(),'Entrar')]'.</msg>
<status status="PASS" starttime="20190909 18:18:15.422" endtime="20190909 18:18:16.645"></status>
</kw>
<status status="PASS" starttime="20190909 18:18:09.939" endtime="20190909 18:18:16.645"></status>
</kw>
<kw name="EnterContasList" library="ResourceContas">
<kw name="Click Element" library="SeleniumLibrary">
<doc>Click element identified by ``locator``.</doc>
<arguments>
<arg>${BTNCONTAS}</arg>
</arguments>
<msg timestamp="20190909 18:18:16.646" level="INFO">Clicking element '//a[@class='dropdown-toggle']'.</msg>
<status status="PASS" starttime="20190909 18:18:16.646" endtime="20190909 18:18:17.244"></status>
</kw>
<kw name="Click Element" library="SeleniumLibrary">
<doc>Click element identified by ``locator``.</doc>
<arguments>
<arg>${BTNCONTAS}${BTNLISTAR}</arg>
</arguments>
<msg timestamp="20190909 18:18:17.245" level="INFO">Clicking element '//a[@class='dropdown-toggle']/../ul/li/*[contains(text(),'Listar')]'.</msg>
<status status="PASS" starttime="20190909 18:18:17.245" endtime="20190909 18:18:18.841"></status>
</kw>
<kw name="Wait Until Element Is Visible" library="SeleniumLibrary">
<doc>Waits until element ``locator`` is visible.</doc>
<arguments>
<arg>${CONTASLIST}</arg>
</arguments>
<status status="PASS" starttime="20190909 18:18:18.841" endtime="20190909 18:18:19.163"></status>
</kw>
<status status="PASS" starttime="20190909 18:18:16.646" endtime="20190909 18:18:19.163"></status>
</kw>
<status status="PASS" starttime="20190909 18:17:59.930" endtime="20190909 18:18:19.163"></status>
</kw>
<status status="PASS" starttime="20190909 18:17:59.929" endtime="20190909 18:18:19.163"></status>
</kw>
<status status="PASS" starttime="20190909 18:17:59.929" endtime="20190909 18:18:19.163"></status>
</kw>
<kw name="Quando acionado botão de Excluir Conta" library="BDDpt-br">
<kw name="Run Keyword" library="BuiltIn">
<doc>Executes the given keyword with the given arguments.</doc>
<arguments>
<arg>${keyword}</arg>
</arguments>
<kw name="acionado botão de Excluir Conta">
<kw name="RemoveConta" library="ResourceContas">
<arguments>
<arg>${NAMEEDITED}</arg>
</arguments>
<kw name="Replace Variables" library="BuiltIn">
<doc>Replaces variables in the given text with their current values.</doc>
<arguments>
<arg>${BTNREMOVER}</arg>
</arguments>
<assign>
<var>${Locator}</var>
</assign>
<msg timestamp="20190909 18:18:19.293" level="INFO">${Locator} = //td[contains(text(),'This Account was edited')]/../td[count(a)=2]/a[starts-with(@href, '/removerConta')]</msg>
<status status="PASS" starttime="20190909 18:18:19.293" endtime="20190909 18:18:19.293"></status>
</kw>
<kw name="Click Element" library="SeleniumLibrary">
<doc>Click element identified by ``locator``.</doc>
<arguments>
<arg>${Locator}</arg>
</arguments>
<msg timestamp="20190909 18:18:19.294" level="INFO">Clicking element '//td[contains(text(),'This Account was edited')]/../td[count(a)=2]/a[starts-with(@href, '/removerConta')]'.</msg>
<status status="PASS" starttime="20190909 18:18:19.293" endtime="20190909 18:18:20.396"></status>
</kw>
<kw name="Wait Until Element Is Not Visible" library="SeleniumLibrary">
<doc>Waits until element ``locator`` is not visible.</doc>
<arguments>
<arg>${CONTAITEM}</arg>
</arguments>
<status status="PASS" starttime="20190909 18:18:20.397" endtime="20190909 18:18:20.593"></status>
</kw>
<status status="PASS" starttime="20190909 18:18:19.292" endtime="20190909 18:18:20.593"></status>
</kw>
<status status="PASS" starttime="20190909 18:18:19.291" endtime="20190909 18:18:20.593"></status>
</kw>
<status status="PASS" starttime="20190909 18:18:19.291" endtime="20190909 18:18:20.593"></status>
</kw>
<status status="PASS" starttime="20190909 18:18:19.290" endtime="20190909 18:18:20.594"></status>
</kw>
<kw name="Então a Conta é excluída com sucesso" library="BDDpt-br">
<kw name="Run Keyword" library="BuiltIn">
<doc>Executes the given keyword with the given arguments.</doc>
<arguments>
<arg>${keyword}</arg>
</arguments>
<kw name="a Conta é excluída com sucesso">
<kw name="No Operation" library="BuiltIn">
<doc>Does absolutely nothing.</doc>
<status status="PASS" starttime="20190909 18:18:20.642" endtime="20190909 18:18:20.642"></status>
</kw>
<status status="PASS" starttime="20190909 18:18:20.641" endtime="20190909 18:18:20.642"></status>
</kw>
<status status="PASS" starttime="20190909 18:18:20.641" endtime="20190909 18:18:20.642"></status>
</kw>
<status status="PASS" starttime="20190909 18:18:20.640" endtime="20190909 18:18:20.642"></status>
</kw>
<kw name="Fechar navegador" library="Resource" type="teardown">
<kw name="Close Browser" library="SeleniumLibrary">
<doc>Closes the current browser.</doc>
<status status="PASS" starttime="20190909 18:18:20.794" endtime="20190909 18:18:36.737"></status>
</kw>
<status status="PASS" starttime="20190909 18:18:20.794" endtime="20190909 18:18:36.737"></status>
</kw>
<status status="PASS" starttime="20190909 18:17:59.928" endtime="20190909 18:18:36.737" critical="yes"></status>
</test>
<status status="PASS" starttime="20190909 18:16:10.553" endtime="20190909 18:18:36.740"></status>
</suite>
<suite id="s1-s2" name="LoginTest" source="C:\Projects\pythonTests\RobotFrameworkGUITest\GUI\Tests\LoginTest.robot">
<test id="s1-s2-t1" name="Cenário 01: Efetuar Login com Sucesso">
<kw name="Dado(a) o portal de login" library="BDDpt-br">
<kw name="Run Keyword" library="BuiltIn">
<doc>Executes the given keyword with the given arguments.</doc>
<arguments>
<arg>${keyword}</arg>
</arguments>
<kw name="o portal de login">
<kw name="Acessar a pagina de login" library="Resource">
<kw name="Open Browser" library="SeleniumLibrary">
<doc>Opens a new browser instance to the given ``url``.</doc>
<arguments>
<arg>${BASEURL}</arg>
<arg>${BROWSER}</arg>
</arguments>
<msg timestamp="20190909 18:18:36.932" level="INFO">Opening browser 'chrome' to base url 'https://seubarriga.wcaquino.me/login'.</msg>
<status status="PASS" starttime="20190909 18:18:36.932" endtime="20190909 18:18:44.438"></status>
</kw>
<kw name="Run Keyword If" library="BuiltIn">
<doc>Runs the given keyword with the given arguments, if ``condition`` is true.</doc>
<arguments>
<arg>'${MAXIMIZAR_BROWSER}'=='True'</arg>
<arg>Maximizar o browser</arg>
</arguments>
<kw name="Maximizar o browser" library="Resource">
<kw name="Maximize Browser Window" library="SeleniumLibrary">
<doc>Maximizes current browser window.</doc>
<status status="PASS" starttime="20190909 18:18:44.440" endtime="20190909 18:18:47.086"></status>
</kw>
<status status="PASS" starttime="20190909 18:18:44.439" endtime="20190909 18:18:47.086"></status>
</kw>
<status status="PASS" starttime="20190909 18:18:44.439" endtime="20190909 18:18:47.086"></status>
</kw>
<status status="PASS" starttime="20190909 18:18:36.931" endtime="20190909 18:18:47.086"></status>
</kw>
<status status="PASS" starttime="20190909 18:18:36.931" endtime="20190909 18:18:47.086"></status>
</kw>
<status status="PASS" starttime="20190909 18:18:36.931" endtime="20190909 18:18:47.086"></status>
</kw>
<status status="PASS" starttime="20190909 18:18:36.930" endtime="20190909 18:18:47.087"></status>
</kw>
<kw name="Quando efetuada tentativa de login com dados válidos" library="BDDpt-br">
<kw name="Run Keyword" library="BuiltIn">
<doc>Executes the given keyword with the given arguments.</doc>
<arguments>
<arg>${keyword}</arg>
</arguments>
<kw name="efetuada tentativa de login com dados válidos">
<kw name="SignIn" library="ResourceLogin">
<arguments>
<arg>${EMAIL}</arg>
<arg>${PASSWORD}</arg>
</arguments>
<kw name="Input Text" library="SeleniumLibrary">
<doc>Types the given ``text`` into text field identified by ``locator``.</doc>
<arguments>
<arg>${INPUTEMAIL}</arg>
<arg>${EMAIL}</arg>
</arguments>
<msg timestamp="20190909 18:18:47.144" level="INFO">Typing text 'robotqa@mailinator.com' into text field 'id=email'.</msg>
<status status="PASS" starttime="20190909 18:18:47.143" endtime="20190909 18:18:50.504"></status>
</kw>
<kw name="Input Text" library="SeleniumLibrary">
<doc>Types the given ``text`` into text field identified by ``locator``.</doc>
<arguments>
<arg>${INPUTPWD}</arg>
<arg>${PWD}</arg>
</arguments>
<msg timestamp="20190909 18:18:50.505" level="INFO">Typing text 'pwdrobot' into text field '//input[@name='senha']'.</msg>
<status status="PASS" starttime="20190909 18:18:50.504" endtime="20190909 18:18:52.510"></status>
</kw>
<kw name="Click Element" library="SeleniumLibrary">
<doc>Click element identified by ``locator``.</doc>
<arguments>
<arg>${BTNLOGIN}</arg>
</arguments>
<msg timestamp="20190909 18:18:52.511" level="INFO">Clicking element '//button[contains(text(),'Entrar')]'.</msg>
<status status="PASS" starttime="20190909 18:18:52.511" endtime="20190909 18:18:53.910"></status>
</kw>
<status status="PASS" starttime="20190909 18:18:47.142" endtime="20190909 18:18:53.910"></status>
</kw>
<status status="PASS" starttime="20190909 18:18:47.142" endtime="20190909 18:18:53.910"></status>
</kw>
<status status="PASS" starttime="20190909 18:18:47.142" endtime="20190909 18:18:53.910"></status>
</kw>
<status status="PASS" starttime="20190909 18:18:47.141" endtime="20190909 18:18:53.910"></status>
</kw>
<kw name="Então a pagina principal deve ser carregada" library="BDDpt-br">
<kw name="Run Keyword" library="BuiltIn">
<doc>Executes the given keyword with the given arguments.</doc>
<arguments>
<arg>${keyword}</arg>
</arguments>
<kw name="a pagina principal deve ser carregada">
<kw name="IsLogged" library="ResourceLogin">
<kw name="Wait Until Element Is Visible" library="SeleniumLibrary">
<doc>Waits until element ``locator`` is visible.</doc>
<arguments>
<arg>${LOGINOKMESSAGE}</arg>
</arguments>
<status status="PASS" starttime="20190909 18:18:54.056" endtime="20190909 18:18:54.443"></status>
</kw>
<status status="PASS" starttime="20190909 18:18:54.056" endtime="20190909 18:18:54.444"></status>
</kw>
<status status="PASS" starttime="20190909 18:18:54.055" endtime="20190909 18:18:54.444"></status>
</kw>
<status status="PASS" starttime="20190909 18:18:54.055" endtime="20190909 18:18:54.444"></status>
</kw>
<status status="PASS" starttime="20190909 18:18:54.054" endtime="20190909 18:18:54.444"></status>
</kw>
<kw name="Fechar navegador" library="Resource" type="teardown">
<kw name="Close Browser" library="SeleniumLibrary">
<doc>Closes the current browser.</doc>
<status status="PASS" starttime="20190909 18:18:54.593" endtime="20190909 18:19:03.788"></status>
</kw>
<status status="PASS" starttime="20190909 18:18:54.592" endtime="20190909 18:19:03.789"></status>
</kw>
<status status="PASS" starttime="20190909 18:18:36.897" endtime="20190909 18:19:03.789" critical="yes"></status>
</test>
<test id="s1-s2-t2" name="Cenário 02: Efetuar Login com Email Incorreto">
<kw name="Dado(a) o portal de login" library="BDDpt-br">
<kw name="Run Keyword" library="BuiltIn">
<doc>Executes the given keyword with the given arguments.</doc>
<arguments>
<arg>${keyword}</arg>
</arguments>
<kw name="o portal de login">
<kw name="Acessar a pagina de login" library="Resource">
<kw name="Open Browser" library="SeleniumLibrary">
<doc>Opens a new browser instance to the given ``url``.</doc>
<arguments>
<arg>${BASEURL}</arg>
<arg>${BROWSER}</arg>
</arguments>
<msg timestamp="20190909 18:19:03.794" level="INFO">Opening browser 'chrome' to base url 'https://seubarriga.wcaquino.me/login'.</msg>
<status status="PASS" starttime="20190909 18:19:03.794" endtime="20190909 18:19:10.704"></status>
</kw>
<kw name="Run Keyword If" library="BuiltIn">
<doc>Runs the given keyword with the given arguments, if ``condition`` is true.</doc>
<arguments>
<arg>'${MAXIMIZAR_BROWSER}'=='True'</arg>
<arg>Maximizar o browser</arg>
</arguments>
<kw name="Maximizar o browser" library="Resource">
<kw name="Maximize Browser Window" library="SeleniumLibrary">
<doc>Maximizes current browser window.</doc>
<status status="PASS" starttime="20190909 18:19:10.705" endtime="20190909 18:19:13.463"></status>
</kw>
<status status="PASS" starttime="20190909 18:19:10.704" endtime="20190909 18:19:13.464"></status>
</kw>
<status status="PASS" starttime="20190909 18:19:10.704" endtime="20190909 18:19:13.464"></status>
</kw>
<status status="PASS" starttime="20190909 18:19:03.793" endtime="20190909 18:19:13.464"></status>
</kw>
<status status="PASS" starttime="20190909 18:19:03.793" endtime="20190909 18:19:13.464"></status>
</kw>
<status status="PASS" starttime="20190909 18:19:03.792" endtime="20190909 18:19:13.464"></status>
</kw>
<status status="PASS" starttime="20190909 18:19:03.792" endtime="20190909 18:19:13.464"></status>
</kw>
<kw name="Quando efetuada tentativa de login com A@A.A ${PASSWORD}" library="BDDpt-br">
<kw name="Run Keyword" library="BuiltIn">
<doc>Executes the given keyword with the given arguments.</doc>
<arguments>
<arg>${keyword}</arg>
</arguments>
<kw name="efetuada tentativa de login com A@A.A pwdrobot">
<kw name="SignIn" library="ResourceLogin">
<arguments>
<arg>${USER}</arg>
<arg>${PWD}</arg>
</arguments>
<kw name="Input Text" library="SeleniumLibrary">
<doc>Types the given ``text`` into text field identified by ``locator``.</doc>
<arguments>
<arg>${INPUTEMAIL}</arg>
<arg>${EMAIL}</arg>
</arguments>
<msg timestamp="20190909 18:19:13.535" level="INFO">Typing text 'A@A.A' into text field 'id=email'.</msg>
<status status="PASS" starttime="20190909 18:19:13.535" endtime="20190909 18:19:15.132"></status>
</kw>
<kw name="Input Text" library="SeleniumLibrary">
<doc>Types the given ``text`` into text field identified by ``locator``.</doc>
<arguments>
<arg>${INPUTPWD}</arg>
<arg>${PWD}</arg>
</arguments>
<msg timestamp="20190909 18:19:15.133" level="INFO">Typing text 'pwdrobot' into text field '//input[@name='senha']'.</msg>
<status status="PASS" starttime="20190909 18:19:15.132" endtime="20190909 18:19:17.143"></status>
</kw>
<kw name="Click Element" library="SeleniumLibrary">
<doc>Click element identified by ``locator``.</doc>
<arguments>
<arg>${BTNLOGIN}</arg>
</arguments>
<msg timestamp="20190909 18:19:17.143" level="INFO">Clicking element '//button[contains(text(),'Entrar')]'.</msg>
<status status="PASS" starttime="20190909 18:19:17.143" endtime="20190909 18:19:18.481"></status>
</kw>
<status status="PASS" starttime="20190909 18:19:13.534" endtime="20190909 18:19:18.481"></status>
</kw>
<status status="PASS" starttime="20190909 18:19:13.534" endtime="20190909 18:19:18.481"></status>
</kw>
<status status="PASS" starttime="20190909 18:19:13.533" endtime="20190909 18:19:18.481"></status>
</kw>
<status status="PASS" starttime="20190909 18:19:13.533" endtime="20190909 18:19:18.482"></status>
</kw>
<kw name="Então a mensagem de erro de login é exibida" library="BDDpt-br">
<kw name="Run Keyword" library="BuiltIn">
<doc>Executes the given keyword with the given arguments.</doc>
<arguments>
<arg>${keyword}</arg>
</arguments>
<kw name="a mensagem de erro de login é exibida">
<kw name="IsWrongLoginData" library="ResourceLogin">
<kw name="Wait Until Element Is Visible" library="SeleniumLibrary">
<doc>Waits until element ``locator`` is visible.</doc>
<arguments>
<arg>${LOGINERRORMESSAGE}</arg>
</arguments>
<status status="PASS" starttime="20190909 18:19:18.530" endtime="20190909 18:19:18.973"></status>
</kw>
<status status="PASS" starttime="20190909 18:19:18.530" endtime="20190909 18:19:18.973"></status>
</kw>
<status status="PASS" starttime="20190909 18:19:18.529" endtime="20190909 18:19:18.974"></status>
</kw>
<status status="PASS" starttime="20190909 18:19:18.529" endtime="20190909 18:19:18.974"></status>
</kw>
<status status="PASS" starttime="20190909 18:19:18.528" endtime="20190909 18:19:18.974"></status>
</kw>
<kw name="Fechar navegador" library="Resource" type="teardown">
<kw name="Close Browser" library="SeleniumLibrary">
<doc>Closes the current browser.</doc>
<status status="PASS" starttime="20190909 18:19:19.000" endtime="20190909 18:19:37.624"></status>
</kw>
<status status="PASS" starttime="20190909 18:19:19.000" endtime="20190909 18:19:37.624"></status>
</kw>
<status status="PASS" starttime="20190909 18:19:03.791" endtime="20190909 18:19:37.625" critical="yes"></status>
</test>
<test id="s1-s2-t3" name="Cenário 03: Efetuar Login com Senha Incorreta">
<kw name="Dado(a) o portal de login" library="BDDpt-br">
<kw name="Run Keyword" library="BuiltIn">
<doc>Executes the given keyword with the given arguments.</doc>
<arguments>
<arg>${keyword}</arg>
</arguments>
<kw name="o portal de login">
<kw name="Acessar a pagina de login" library="Resource">
<kw name="Open Browser" library="SeleniumLibrary">
<doc>Opens a new browser instance to the given ``url``.</doc>
<arguments>
<arg>${BASEURL}</arg>
<arg>${BROWSER}</arg>
</arguments>
<msg timestamp="20190909 18:19:37.628" level="INFO">Opening browser 'chrome' to base url 'https://seubarriga.wcaquino.me/login'.</msg>
<status status="PASS" starttime="20190909 18:19:37.628" endtime="20190909 18:19:44.982"></status>
</kw>
<kw name="Run Keyword If" library="BuiltIn">
<doc>Runs the given keyword with the given arguments, if ``condition`` is true.</doc>
<arguments>
<arg>'${MAXIMIZAR_BROWSER}'=='True'</arg>
<arg>Maximizar o browser</arg>
</arguments>
<kw name="Maximizar o browser" library="Resource">
<kw name="Maximize Browser Window" library="SeleniumLibrary">
<doc>Maximizes current browser window.</doc>
<status status="PASS" starttime="20190909 18:19:44.984" endtime="20190909 18:19:47.513"></status>
</kw>
<status status="PASS" starttime="20190909 18:19:44.983" endtime="20190909 18:19:47.513"></status>
</kw>
<status status="PASS" starttime="20190909 18:19:44.983" endtime="20190909 18:19:47.513"></status>
</kw>
<status status="PASS" starttime="20190909 18:19:37.627" endtime="20190909 18:19:47.513"></status>
</kw>
<status status="PASS" starttime="20190909 18:19:37.627" endtime="20190909 18:19:47.514"></status>
</kw>
<status status="PASS" starttime="20190909 18:19:37.626" endtime="20190909 18:19:47.514"></status>
</kw>
<status status="PASS" starttime="20190909 18:19:37.626" endtime="20190909 18:19:47.514"></status>
</kw>
<kw name="Quando efetuada tentativa de login com ${EMAIL} AAA" library="BDDpt-br">
<kw name="Run Keyword" library="BuiltIn">
<doc>Executes the given keyword with the given arguments.</doc>
<arguments>
<arg>${keyword}</arg>
</arguments>
<kw name="efetuada tentativa de login com robotqa@mailinator.com AAA">
<kw name="SignIn" library="ResourceLogin">
<arguments>
<arg>${USER}</arg>
<arg>${PWD}</arg>
</arguments>
<kw name="Input Text" library="SeleniumLibrary">
<doc>Types the given ``text`` into text field identified by ``locator``.</doc>
<arguments>
<arg>${INPUTEMAIL}</arg>
<arg>${EMAIL}</arg>
</arguments>
<msg timestamp="20190909 18:19:47.648" level="INFO">Typing text 'robotqa@mailinator.com' into text field 'id=email'.</msg>
<status status="PASS" starttime="20190909 18:19:47.647" endtime="20190909 18:19:51.313"></status>
</kw>
<kw name="Input Text" library="SeleniumLibrary">
<doc>Types the given ``text`` into text field identified by ``locator``.</doc>
<arguments>
<arg>${INPUTPWD}</arg>
<arg>${PWD}</arg>
</arguments>
<msg timestamp="20190909 18:19:51.314" level="INFO">Typing text 'AAA' into text field '//input[@name='senha']'.</msg>
<status status="PASS" starttime="20190909 18:19:51.314" endtime="20190909 18:19:52.746"></status>
</kw>
<kw name="Click Element" library="SeleniumLibrary">
<doc>Click element identified by ``locator``.</doc>
<arguments>
<arg>${BTNLOGIN}</arg>
</arguments>
<msg timestamp="20190909 18:19:52.746" level="INFO">Clicking element '//button[contains(text(),'Entrar')]'.</msg>
<status status="PASS" starttime="20190909 18:19:52.746" endtime="20190909 18:19:54.130"></status>
</kw>
<status status="PASS" starttime="20190909 18:19:47.647" endtime="20190909 18:19:54.130"></status>
</kw>
<status status="PASS" starttime="20190909 18:19:47.646" endtime="20190909 18:19:54.130"></status>
</kw>
<status status="PASS" starttime="20190909 18:19:47.646" endtime="20190909 18:19:54.130"></status>
</kw>
<status status="PASS" starttime="20190909 18:19:47.645" endtime="20190909 18:19:54.130"></status>
</kw>
<kw name="Então a mensagem de erro de login é exibida" library="BDDpt-br">
<kw name="Run Keyword" library="BuiltIn">
<doc>Executes the given keyword with the given arguments.</doc>
<arguments>
<arg>${keyword}</arg>
</arguments>
<kw name="a mensagem de erro de login é exibida">
<kw name="IsWrongLoginData" library="ResourceLogin">
<kw name="Wait Until Element Is Visible" library="SeleniumLibrary">
<doc>Waits until element ``locator`` is visible.</doc>
<arguments>
<arg>${LOGINERRORMESSAGE}</arg>
</arguments>
<status status="PASS" starttime="20190909 18:19:54.258" endtime="20190909 18:19:54.518"></status>
</kw>
<status status="PASS" starttime="20190909 18:19:54.257" endtime="20190909 18:19:54.518"></status>
</kw>
<status status="PASS" starttime="20190909 18:19:54.257" endtime="20190909 18:19:54.518"></status>
</kw>
<status status="PASS" starttime="20190909 18:19:54.256" endtime="20190909 18:19:54.518"></status>
</kw>
<status status="PASS" starttime="20190909 18:19:54.256" endtime="20190909 18:19:54.519"></status>
</kw>
<kw name="Fechar navegador" library="Resource" type="teardown">
<kw name="Close Browser" library="SeleniumLibrary">
<doc>Closes the current browser.</doc>
<status status="PASS" starttime="20190909 18:19:54.660" endtime="20190909 18:20:12.406"></status>
</kw>
<status status="PASS" starttime="20190909 18:19:54.659" endtime="20190909 18:20:12.407"></status>
</kw>
<status status="PASS" starttime="20190909 18:19:37.626" endtime="20190909 18:20:12.407" critical="yes"></status>
</test>
<status status="PASS" starttime="20190909 18:18:36.787" endtime="20190909 18:20:12.409"></status>
</suite>
<suite id="s1-s3" name="RegisterTest" source="C:\Projects\pythonTests\RobotFrameworkGUITest\GUI\Tests\RegisterTest.robot">
<test id="s1-s3-t1" name="Cenário 01: Efetuar Cadastro com Sucesso">
<kw name="Dado(a) a tela de cadastro de Usuário" library="BDDpt-br">
<kw name="Run Keyword" library="BuiltIn">
<doc>Executes the given keyword with the given arguments.</doc>
<arguments>
<arg>${keyword}</arg>
</arguments>
<kw name="a tela de cadastro de Usuário">
<kw name="Acessar a pagina de login" library="Resource">
<kw name="Open Browser" library="SeleniumLibrary">
<doc>Opens a new browser instance to the given ``url``.</doc>
<arguments>
<arg>${BASEURL}</arg>
<arg>${BROWSER}</arg>
</arguments>
<msg timestamp="20190909 18:20:12.454" level="INFO">Opening browser 'chrome' to base url 'https://seubarriga.wcaquino.me/login'.</msg>
<status status="PASS" starttime="20190909 18:20:12.454" endtime="20190909 18:20:19.780"></status>
</kw>
<kw name="Run Keyword If" library="BuiltIn">
<doc>Runs the given keyword with the given arguments, if ``condition`` is true.</doc>
<arguments>
<arg>'${MAXIMIZAR_BROWSER}'=='True'</arg>
<arg>Maximizar o browser</arg>
</arguments>
<kw name="Maximizar o browser" library="Resource">
<kw name="Maximize Browser Window" library="SeleniumLibrary">
<doc>Maximizes current browser window.</doc>
<status status="PASS" starttime="20190909 18:20:19.781" endtime="20190909 18:20:22.272"></status>
</kw>
<status status="PASS" starttime="20190909 18:20:19.781" endtime="20190909 18:20:22.273"></status>
</kw>
<status status="PASS" starttime="20190909 18:20:19.780" endtime="20190909 18:20:22.273"></status>
</kw>
<status status="PASS" starttime="20190909 18:20:12.453" endtime="20190909 18:20:22.273"></status>
</kw>
<kw name="EnterRegisterForm" library="ResourceRegister">
<kw name="Click Element" library="SeleniumLibrary">
<doc>Click element identified by ``locator``.</doc>
<arguments>
<arg>${BTNNEWUSER}</arg>
</arguments>
<msg timestamp="20190909 18:20:22.274" level="INFO">Clicking element '//a[contains(text(),'Novo usuário?')]'.</msg>
<status status="PASS" starttime="20190909 18:20:22.273" endtime="20190909 18:20:23.426"></status>
</kw>
<kw name="Wait Until Element Is Visible" library="SeleniumLibrary">
<doc>Waits until element ``locator`` is visible.</doc>
<arguments>
<arg>${BTNREGISTER}</arg>
</arguments>
<status status="PASS" starttime="20190909 18:20:23.426" endtime="20190909 18:20:23.726"></status>
</kw>
<status status="PASS" starttime="20190909 18:20:22.273" endtime="20190909 18:20:23.726"></status>
</kw>
<status status="PASS" starttime="20190909 18:20:12.453" endtime="20190909 18:20:23.726"></status>
</kw>
<status status="PASS" starttime="20190909 18:20:12.452" endtime="20190909 18:20:23.726"></status>
</kw>
<status status="PASS" starttime="20190909 18:20:12.452" endtime="20190909 18:20:23.726"></status>
</kw>
<kw name="Quando preenchido formulário com dados corretos" library="BDDpt-br">
<kw name="Run Keyword" library="BuiltIn">
<doc>Executes the given keyword with the given arguments.</doc>
<arguments>
<arg>${keyword}</arg>
</arguments>
<kw name="preenchido formulário com dados corretos">
<kw name="FillFormNewUser" library="ResourceRegister">
<arguments>
<arg>${EMAIL}</arg>
<arg>${PASSWORD}</arg>
<arg>${NAME}</arg>
</arguments>
<kw name="Input Text" library="SeleniumLibrary">
<doc>Types the given ``text`` into text field identified by ``locator``.</doc>
<arguments>
<arg>${INPUTNAME}</arg>
<arg>${NAME}</arg>
</arguments>
<msg timestamp="20190909 18:20:23.751" level="INFO">Typing text 'Test User' into text field 'id=nome'.</msg>
<status status="PASS" starttime="20190909 18:20:23.751" endtime="20190909 18:20:25.830"></status>
</kw>
<kw name="Input Text" library="SeleniumLibrary">
<doc>Types the given ``text`` into text field identified by ``locator``.</doc>
<arguments>
<arg>${INPUTEMAIL}</arg>
<arg>${EMAIL}</arg>
</arguments>
<msg timestamp="20190909 18:20:25.831" level="INFO">Typing text 'testrobotuser@mailinator.com' into text field 'id=email'.</msg>
<status status="PASS" starttime="20190909 18:20:25.831" endtime="20190909 18:20:35.963"></status>
</kw>
<kw name="Input Text" library="SeleniumLibrary">
<doc>Types the given ``text`` into text field identified by ``locator``.</doc>
<arguments>
<arg>${INPUTPWD}</arg>
<arg>${PWD}</arg>
</arguments>
<msg timestamp="20190909 18:20:35.963" level="INFO">Typing text 'pwdtestuser' into text field '//input[@name='senha']'.</msg>
<status status="PASS" starttime="20190909 18:20:35.963" endtime="20190909 18:20:37.942"></status>
</kw>
<kw name="Click Element" library="SeleniumLibrary">
<doc>Click element identified by ``locator``.</doc>
<arguments>
<arg>${BTNREGISTER}</arg>
</arguments>
<msg timestamp="20190909 18:20:37.943" level="INFO">Clicking element '//input[@value='Cadastrar']'.</msg>
<status status="PASS" starttime="20190909 18:20:37.942" endtime="20190909 18:20:39.225"></status>
</kw>
<status status="PASS" starttime="20190909 18:20:23.750" endtime="20190909 18:20:39.225"></status>
</kw>
<status status="PASS" starttime="20190909 18:20:23.750" endtime="20190909 18:20:39.226"></status>
</kw>
<status status="PASS" starttime="20190909 18:20:23.749" endtime="20190909 18:20:39.226"></status>
</kw>
<status status="PASS" starttime="20190909 18:20:23.749" endtime="20190909 18:20:39.226"></status>
</kw>
<kw name="Então o usuário é cadastrado com sucesso" library="BDDpt-br">
<kw name="Run Keyword" library="BuiltIn">
<doc>Executes the given keyword with the given arguments.</doc>
<arguments>
<arg>${keyword}</arg>
</arguments>
<kw name="o usuário é cadastrado com sucesso">
<kw name="IsRegisteredOK" library="ResourceRegister">
<kw name="Wait Until Element Is Visible" library="SeleniumLibrary">
<doc>Waits until element ``locator`` is visible.</doc>
<arguments>
<arg>${REGISTEROKMESSAGE}</arg>
</arguments>
<status status="PASS" starttime="20190909 18:20:39.412" endtime="20190909 18:20:39.819"></status>
</kw>
<status status="PASS" starttime="20190909 18:20:39.411" endtime="20190909 18:20:39.819"></status>
</kw>
<status status="PASS" starttime="20190909 18:20:39.411" endtime="20190909 18:20:39.819"></status>
</kw>
<status status="PASS" starttime="20190909 18:20:39.411" endtime="20190909 18:20:39.819"></status>
</kw>
<status status="PASS" starttime="20190909 18:20:39.410" endtime="20190909 18:20:39.819"></status>
</kw>
<kw name="Fechar navegador" library="Resource" type="teardown">
<kw name="Close Browser" library="SeleniumLibrary">
<doc>Closes the current browser.</doc>
<status status="PASS" starttime="20190909 18:20:39.939" endtime="20190909 18:20:59.113"></status>
</kw>
<status status="PASS" starttime="20190909 18:20:39.938" endtime="20190909 18:20:59.113"></status>
</kw>
<status status="PASS" starttime="20190909 18:20:12.451" endtime="20190909 18:20:59.113" critical="yes"></status>
</test>
<test id="s1-s3-t2" name="Cenário 02: Efetuar Login com Email Repetido">
<kw name="Dado(a) a tela de cadastro de Usuário" library="BDDpt-br">
<kw name="Run Keyword" library="BuiltIn">
<doc>Executes the given keyword with the given arguments.</doc>
<arguments>
<arg>${keyword}</arg>
</arguments>
<kw name="a tela de cadastro de Usuário">
<kw name="Acessar a pagina de login" library="Resource">
<kw name="Open Browser" library="SeleniumLibrary">
<doc>Opens a new browser instance to the given ``url``.</doc>
<arguments>
<arg>${BASEURL}</arg>
<arg>${BROWSER}</arg>
</arguments>
<msg timestamp="20190909 18:20:59.117" level="INFO">Opening browser 'chrome' to base url 'https://seubarriga.wcaquino.me/login'.</msg>
<status status="PASS" starttime="20190909 18:20:59.117" endtime="20190909 18:21:19.464"></status>
</kw>
<kw name="Run Keyword If" library="BuiltIn">
<doc>Runs the given keyword with the given arguments, if ``condition`` is true.</doc>
<arguments>
<arg>'${MAXIMIZAR_BROWSER}'=='True'</arg>
<arg>Maximizar o browser</arg>
</arguments>
<kw name="Maximizar o browser" library="Resource">
<kw name="Maximize Browser Window" library="SeleniumLibrary">
<doc>Maximizes current browser window.</doc>
<status status="PASS" starttime="20190909 18:21:19.466" endtime="20190909 18:21:26.678"></status>
</kw>
<status status="PASS" starttime="20190909 18:21:19.465" endtime="20190909 18:21:26.678"></status>
</kw>
<status status="PASS" starttime="20190909 18:21:19.465" endtime="20190909 18:21:26.679"></status>
</kw>
<status status="PASS" starttime="20190909 18:20:59.116" endtime="20190909 18:21:26.679"></status>
</kw>
<kw name="EnterRegisterForm" library="ResourceRegister">
<kw name="Click Element" library="SeleniumLibrary">
<doc>Click element identified by ``locator``.</doc>
<arguments>
<arg>${BTNNEWUSER}</arg>
</arguments>
<msg timestamp="20190909 18:21:26.680" level="INFO">Clicking element '//a[contains(text(),'Novo usuário?')]'.</msg>
<status status="PASS" starttime="20190909 18:21:26.680" endtime="20190909 18:21:28.732"></status>
</kw>
<kw name="Wait Until Element Is Visible" library="SeleniumLibrary">
<doc>Waits until element ``locator`` is visible.</doc>
<arguments>
<arg>${BTNREGISTER}</arg>
</arguments>
<status status="PASS" starttime="20190909 18:21:28.732" endtime="20190909 18:21:29.477"></status>
</kw>
<status status="PASS" starttime="20190909 18:21:26.679" endtime="20190909 18:21:29.477"></status>
</kw>
<status status="PASS" starttime="20190909 18:20:59.116" endtime="20190909 18:21:29.477"></status>
</kw>
<status status="PASS" starttime="20190909 18:20:59.116" endtime="20190909 18:21:29.477"></status>
</kw>
<status status="PASS" starttime="20190909 18:20:59.115" endtime="20190909 18:21:29.477"></status>
</kw>
<kw name="Quando preenchido formulário com dados corretos" library="BDDpt-br">
<kw name="Run Keyword" library="BuiltIn">
<doc>Executes the given keyword with the given arguments.</doc>
<arguments>
<arg>${keyword}</arg>
</arguments>
<kw name="preenchido formulário com dados corretos">
<kw name="FillFormNewUser" library="ResourceRegister">
<arguments>
<arg>${EMAIL}</arg>
<arg>${PASSWORD}</arg>
<arg>${NAME}</arg>
</arguments>
<kw name="Input Text" library="SeleniumLibrary">
<doc>Types the given ``text`` into text field identified by ``locator``.</doc>
<arguments>
<arg>${INPUTNAME}</arg>
<arg>${NAME}</arg>
</arguments>
<msg timestamp="20190909 18:21:29.480" level="INFO">Typing text 'Test User' into text field 'id=nome'.</msg>
<status status="PASS" starttime="20190909 18:21:29.480" endtime="20190909 18:21:34.467"></status>
</kw>
<kw name="Input Text" library="SeleniumLibrary">
<doc>Types the given ``text`` into text field identified by ``locator``.</doc>
<arguments>
<arg>${INPUTEMAIL}</arg>
<arg>${EMAIL}</arg>
</arguments>
<msg timestamp="20190909 18:21:34.467" level="INFO">Typing text 'testrobotuser@mailinator.com' into text field 'id=email'.</msg>
<status status="PASS" starttime="20190909 18:21:34.467" endtime="20190909 18:21:47.693"></status>
</kw>
<kw name="Input Text" library="SeleniumLibrary">
<doc>Types the given ``text`` into text field identified by ``locator``.</doc>
<arguments>
<arg>${INPUTPWD}</arg>
<arg>${PWD}</arg>
</arguments>
<msg timestamp="20190909 18:21:47.694" level="INFO">Typing text 'pwdtestuser' into text field '//input[@name='senha']'.</msg>
<status status="PASS" starttime="20190909 18:21:47.693" endtime="20190909 18:21:52.753"></status>
</kw>
<kw name="Click Element" library="SeleniumLibrary">
<doc>Click element identified by ``locator``.</doc>
<arguments>
<arg>${BTNREGISTER}</arg>
</arguments>
<msg timestamp="20190909 18:21:52.754" level="INFO">Clicking element '//input[@value='Cadastrar']'.</msg>
<status status="PASS" starttime="20190909 18:21:52.754" endtime="20190909 18:21:55.172"></status>
</kw>
<status status="PASS" starttime="20190909 18:21:29.479" endtime="20190909 18:21:55.172"></status>
</kw>
<status status="PASS" starttime="20190909 18:21:29.479" endtime="20190909 18:21:55.172"></status>
</kw>
<status status="PASS" starttime="20190909 18:21:29.478" endtime="20190909 18:21:55.172"></status>
</kw>
<status status="PASS" starttime="20190909 18:21:29.478" endtime="20190909 18:21:55.172"></status>
</kw>
<kw name="Então a mensagem de erro de email é exibida" library="BDDpt-br">
<kw name="Run Keyword" library="BuiltIn">
<doc>Executes the given keyword with the given arguments.</doc>
<arguments>
<arg>${keyword}</arg>
</arguments>
<kw name="a mensagem de erro de email é exibida">
<kw name="IsRepeatedEmail" library="ResourceRegister">
<kw name="Wait Until Element Is Visible" library="SeleniumLibrary">
<doc>Waits until element ``locator`` is visible.</doc>
<arguments>
<arg>${EMAILERRORMESSAGE}</arg>
</arguments>
<status status="PASS" starttime="20190909 18:21:55.175" endtime="20190909 18:21:55.964"></status>
</kw>
<status status="PASS" starttime="20190909 18:21:55.174" endtime="20190909 18:21:55.964"></status>
</kw>
<status status="PASS" starttime="20190909 18:21:55.174" endtime="20190909 18:21:55.964"></status>
</kw>
<status status="PASS" starttime="20190909 18:21:55.173" endtime="20190909 18:21:55.964"></status>
</kw>
<status status="PASS" starttime="20190909 18:21:55.173" endtime="20190909 18:21:55.964"></status>
</kw>
<kw name="Fechar navegador" library="Resource" type="teardown">
<kw name="Close Browser" library="SeleniumLibrary">
<doc>Closes the current browser.</doc>
<status status="PASS" starttime="20190909 18:21:55.966" endtime="20190909 18:22:18.657"></status>
</kw>
<status status="PASS" starttime="20190909 18:21:55.965" endtime="20190909 18:22:18.658"></status>
</kw>
<status status="PASS" starttime="20190909 18:20:59.114" endtime="20190909 18:22:18.801" critical="yes"></status>
</test>
<status status="PASS" starttime="20190909 18:20:12.413" endtime="20190909 18:22:19.232"></status>
</suite>
<status status="PASS" starttime="20190909 18:16:10.385" endtime="20190909 18:22:19.780"></status>
</suite>
<statistics>
<total>
<stat pass="8" fail="0">Critical Tests</stat>
<stat pass="8" fail="0">All Tests</stat>
</total>
<tag>
</tag>
<suite>
<stat pass="8" fail="0" id="s1" name="Tests">Tests</stat>
<stat pass="3" fail="0" id="s1-s1" name="ContasE2ETest">Tests.ContasE2ETest</stat>
<stat pass="3" fail="0" id="s1-s2" name="LoginTest">Tests.LoginTest</stat>
<stat pass="2" fail="0" id="s1-s3" name="RegisterTest">Tests.RegisterTest</stat>
</suite>
</statistics>
<errors>
</errors>
</robot>
